<?xml version="1.0" encoding="utf-8"?><testsuites name="pytest tests"><testsuite name="pytest" errors="0" failures="0" skipped="0" tests="14" time="4.878" timestamp="2026-04-12T23:23:14.026296+00:00" hostname="agent-env-a863fa23-836a-48ee-9498-942c564591c1"><testcase classname="backend.tests.test_punchlist_features.TestDescriptionValidation" name="test_empty_description_returns_400" time="0.590" /><testcase classname="backend.tests.test_punchlist_features.TestDescriptionValidation" name="test_whitespace_description_returns_400" time="0.111" /><testcase classname="backend.tests.test_punchlist_features.TestTasksInJobCreation" name="test_create_job_with_tasks" time="2.140" /><testcase classname="backend.tests.test_punchlist_features.TestTasksInJobCreation" name="test_get_job_has_tasks_and_fields" time="0.113" /><testcase classname="backend.tests.test_punchlist_features.TestTaskCheck" name="test_valid_task_check" time="0.445" /><testcase classname="backend.tests.test_punchlist_features.TestTaskCheck" name="test_invalid_task_idx_returns_400" time="0.118" /><testcase classname="backend.tests.test_punchlist_features.TestCrewComplete" name="test_crew_complete_records_timestamp" time="0.103" /><testcase classname="backend.tests.test_punchlist_features.TestCrewComplete" name="test_crew_complete_wrong_user_returns_403" time="0.137" /><testcase classname="backend.tests.test_punchlist_features.TestContractorComplete" name="test_contractor_complete_sets_status" time="0.286" /><testcase classname="backend.tests.test_punchlist_features.TestContractorComplete" name="test_contractor_complete_wrong_user_returns_403" time="0.129" /><testcase classname="backend.tests.test_punchlist_features.TestDispute" name="test_submit_dispute_returns_id" time="0.108" /><testcase classname="backend.tests.test_punchlist_features.TestDispute" name="test_empty_dispute_reason_returns_400" time="0.122" /><testcase classname="backend.tests.test_punchlist_features.TestDispute" name="test_whitespace_dispute_reason_returns_400" time="0.112" /><testcase classname="backend.tests.test_punchlist_features.TestGetJobFields" name="test_task_job_has_required_fields" time="0.163" /></testsuite></testsuites>