<?xml version="1.0" encoding="utf-8"?><testsuites name="pytest tests"><testsuite name="pytest" errors="0" failures="0" skipped="0" tests="11" time="3.664" timestamp="2026-04-12T04:55:27.444023+00:00" hostname="agent-env-a863fa23-836a-48ee-9498-942c564591c1"><testcase classname="backend.tests.test_punchlist.TestHealthAndRoot" name="test_root_operational" time="0.161" /><testcase classname="backend.tests.test_punchlist.TestHealthAndRoot" name="test_public_settings" time="0.113" /><testcase classname="backend.tests.test_punchlist.TestAuth" name="test_login_superadmin" time="0.358" /><testcase classname="backend.tests.test_punchlist.TestAuth" name="test_login_admin" time="0.358" /><testcase classname="backend.tests.test_punchlist.TestAuth" name="test_login_crew" time="0.326" /><testcase classname="backend.tests.test_punchlist.TestAuth" name="test_login_contractor" time="0.319" /><testcase classname="backend.tests.test_punchlist.TestAuth" name="test_login_invalid_credentials" time="0.119" /><testcase classname="backend.tests.test_punchlist.TestAuth" name="test_get_me" time="0.432" /><testcase classname="backend.tests.test_punchlist.TestAdminEndpoints" name="test_admin_analytics" time="0.439" /><testcase classname="backend.tests.test_punchlist.TestAdminEndpoints" name="test_admin_users_list" time="0.485" /><testcase classname="backend.tests.test_punchlist.TestJobsEndpoints" name="test_list_jobs" time="0.429" /></testsuite></testsuites>