<?xml version="1.0" encoding="utf-8"?><testsuites name="pytest tests"><testsuite name="pytest" errors="0" failures="0" skipped="0" tests="5" time="2.029" timestamp="2026-04-13T05:34:20.101989+00:00" hostname="agent-env-a863fa23-836a-48ee-9498-942c564591c1"><testcase classname="backend.tests.test_reveal_contact.TestContactReveal" name="test_crew1_hidden_contact_no_reveal" time="1.082" /><testcase classname="backend.tests.test_reveal_contact.TestContactReveal" name="test_reveal_contact_endpoint" time="0.436" /><testcase classname="backend.tests.test_reveal_contact.TestContactReveal" name="test_contact_visible_after_reveal" time="0.228" /><testcase classname="backend.tests.test_reveal_contact.TestContactReveal" name="test_idempotency_no_double_charge" time="0.111" /><testcase classname="backend.tests.test_reveal_contact.TestContactReveal" name="test_contractor_cannot_use_reveal" time="0.100" /></testsuite></testsuites>