<?xml version="1.0" encoding="utf-8"?><testsuites name="pytest tests"><testsuite name="pytest" errors="0" failures="0" skipped="0" tests="10" time="3.300" timestamp="2026-04-12T18:41:22.844947+00:00" hostname="agent-env-a863fa23-836a-48ee-9498-942c564591c1"><testcase classname="backend.tests.test_reveal_contact.TestPendingMasking" name="test_pending_no_reveal_hides_phone" time="0.525" /><testcase classname="backend.tests.test_reveal_contact.TestPendingMasking" name="test_pending_no_reveal_hides_email" time="0.106" /><testcase classname="backend.tests.test_reveal_contact.TestPendingMasking" name="test_pending_no_reveal_has_paid_reveal_false" time="0.128" /><testcase classname="backend.tests.test_reveal_contact.TestPendingMasking" name="test_accepted_crew_sees_contact" time="0.444" /><testcase classname="backend.tests.test_reveal_contact.TestPendingMasking" name="test_paid_reveal_crew_sees_contact" time="0.442" /><testcase classname="backend.tests.test_reveal_contact.TestRevealContactEndpoint" name="test_idempotent_second_call" time="0.102" /><testcase classname="backend.tests.test_reveal_contact.TestRevealContactEndpoint" name="test_non_crew_user_gets_403" time="0.454" /><testcase classname="backend.tests.test_reveal_contact.TestRevealContactEndpoint" name="test_reveal_returns_amount" time="0.161" /><testcase classname="backend.tests.test_reveal_contact.TestRevealContactEndpoint" name="test_non_pending_crew_cannot_reveal" time="0.110" /><testcase classname="backend.tests.test_reveal_contact.TestRevealContactEndpoint" name="test_reveal_new_crew_flow" time="0.683" /></testsuite></testsuites>