<?xml version="1.0" encoding="utf-8"?><testsuites name="pytest tests"><testsuite name="pytest" errors="0" failures="0" skipped="0" tests="7" time="1.140" timestamp="2026-04-12T18:59:36.505992+00:00" hostname="agent-env-a863fa23-836a-48ee-9498-942c564591c1"><testcase classname="backend.tests.test_share_job.TestShareEndpoint" name="test_share_returns_200_no_auth" time="0.204" /><testcase classname="backend.tests.test_share_job.TestShareEndpoint" name="test_share_fields_present" time="0.107" /><testcase classname="backend.tests.test_share_job.TestShareEndpoint" name="test_share_no_sensitive_fields" time="0.101" /><testcase classname="backend.tests.test_share_job.TestShareEndpoint" name="test_share_crew1_accepted_job" time="0.144" /><testcase classname="backend.tests.test_share_job.TestShareEndpoint" name="test_share_404_unknown_job" time="0.143" /><testcase classname="backend.tests.test_share_job.TestShareEndpoint" name="test_share_city_state_present" time="0.152" /><testcase classname="backend.tests.test_share_job.TestShareEndpoint" name="test_share_is_full_and_crew_counts" time="0.156" /></testsuite></testsuites>