<?xml version="1.0" encoding="utf-8"?><testsuites name="pytest tests"><testsuite name="pytest" errors="0" failures="0" skipped="0" tests="13" time="2.775" timestamp="2026-04-12T16:57:08.381430+00:00" hostname="agent-env-a863fa23-836a-48ee-9498-942c564591c1"><testcase classname="backend.tests.test_transportation_feature.TestAdminSettings" name="test_get_admin_settings_has_transportation_field" time="0.506" /><testcase classname="backend.tests.test_transportation_feature.TestAdminSettings" name="test_enable_transportation_type" time="0.117" /><testcase classname="backend.tests.test_transportation_feature.TestAdminSettings" name="test_disable_transportation_type" time="0.131" /><testcase classname="backend.tests.test_transportation_feature.TestAdminSettings" name="test_re_enable_transportation_type" time="0.137" /><testcase classname="backend.tests.test_transportation_feature.TestPublicSettings" name="test_public_settings_has_transportation_field" time="0.118" /><testcase classname="backend.tests.test_transportation_feature.TestPublicSettings" name="test_public_settings_transportation_is_enabled" time="0.104" /><testcase classname="backend.tests.test_transportation_feature.TestCrewProfile" name="test_get_crew_profile_has_transportation_type" time="0.435" /><testcase classname="backend.tests.test_transportation_feature.TestCrewProfile" name="test_update_crew_transportation_type_car" time="0.123" /><testcase classname="backend.tests.test_transportation_feature.TestCrewProfile" name="test_verify_transportation_type_persisted" time="0.113" /><testcase classname="backend.tests.test_transportation_feature.TestCrewProfile" name="test_update_crew_transportation_type_suv" time="0.111" /><testcase classname="backend.tests.test_transportation_feature.TestCrewProfile" name="test_reset_transportation_type_null" time="0.107" /><testcase classname="backend.tests.test_transportation_feature.TestMigration" name="test_all_crew_users_have_transportation_field" time="0.154" /><testcase classname="backend.tests.test_transportation_feature.TestContractorView" name="test_contractor_can_get_crew_members" time="0.547" /></testsuite></testsuites>